d:\mfc\hal\debug\vc142.pdb
d:\mfc\hal\debug\vc142.idb
d:\mfc\hal\debug\cthreadmanage.obj
d:\mfc\hal\debug\ctcpserver.obj
d:\mfc\hal\debug\ctcpclient.obj
d:\mfc\hal\debug\stdafx.obj
d:\mfc\hal\debug\tinyxml2.obj
d:\mfc\hal\debug\crwxml.obj
d:\mfc\hal\debug\crwtable.obj
d:\mfc\hal\debug\crwaccess.obj
d:\mfc\hal\debug\qrcodebase.obj
d:\mfc\hal\debug\cqrcode.obj
d:\mfc\hal\debug\serialcommwt.obj
d:\mfc\hal\debug\cportcomm.obj
d:\mfc\hal\debug\pch.obj
d:\mfc\hal\debug\crwmysql.obj
d:\mfc\hal\debug\chttpconnect.obj
d:\mfc\hal\debug\haldlg.obj
d:\mfc\hal\debug\hal.obj
d:\mfc\hal\debug\generalfunction.obj
d:\mfc\hal\debug\csystemstatus.obj
d:\mfc\hal\debug\csharedmemory.obj
d:\mfc\hal\debug\zmotion.obj
d:\mfc\hal\debug\mitsubishigroup.obj
d:\mfc\hal\debug\leadshine.obj
d:\mfc\hal\debug\googol.obj
d:\mfc\hal\debug\galil.obj
d:\mfc\hal\debug\etel.obj
d:\mfc\hal\debug\adlink.obj
d:\mfc\hal\debug\hal.exe
d:\mfc\hal\debug\hal.ilk
d:\mfc\hal\debug\hal.pdb
d:\mfc\hal\debug\hal.res
d:\mfc\hal\debug\msado15.tli
d:\mfc\hal\debug\msado15.tlh
d:\mfc\hal\debug\hal.tlog\cl.command.1.tlog
d:\mfc\hal\debug\hal.tlog\cl.read.1.tlog
d:\mfc\hal\debug\hal.tlog\cl.write.1.tlog
d:\mfc\hal\debug\hal.tlog\link.command.1.tlog
d:\mfc\hal\debug\hal.tlog\link.read.1.tlog
d:\mfc\hal\debug\hal.tlog\link.write.1.tlog
d:\mfc\hal\debug\hal.tlog\rc.command.1.tlog
d:\mfc\hal\debug\hal.tlog\rc.read.1.tlog
d:\mfc\hal\debug\hal.tlog\rc.write.1.tlog
